<?xml version="1.0" encoding="UTF-8"?>
<!-- Generated by org.testng.reporters.JUnitXMLReporter -->
<testsuite ignored="0" hostname="DESKTOP-2T02PLP" failures="0" tests="2" name="FirefoxTesting" time="16.339" errors="0" timestamp="2023-07-06T18:01:56 IST">
  <testcase classname="com.pgs.praticsTest.HMS_PGS_CHECK_REPORTTest" name="CheckReport" time="8.046"/>
  <testcase classname="com.pgs.praticsTest.HMS_PGS_ADDING_DOCTOR_AND_SEARCH_PATIENTTest" name="addingDoctorandSearchPatient" time="8.227"/>
</testsuite> <!-- FirefoxTesting -->
